<?xml version="1.0" encoding="UTF-8"?>
<testsuite xmlns:xsi="http://www.w3.org/2001/XMLSchema-instance" xsi:noNamespaceSchemaLocation="https://maven.apache.org/surefire/maven-surefire-plugin/xsd/surefire-test-report.xsd" name="com.sparkdigital.api.repositories.MovieRepositoryTest" time="13.58" tests="4" errors="0" skipped="0" failures="0">
  <properties>
[...]
</properties>
  <testcase name="testGraph" classname="com.sparkdigital.api.repositories.MovieRepositoryTest" time="4.027"/>
  <testcase name="testFindByTitle" classname="com.sparkdigital.api.repositories.MovieRepositoryTest" time="0.254"/>
  <testcase name="testFindByTitleContaining" classname="com.sparkdigital.api.repositories.MovieRepositoryTest" time="0.144"/>
  <testcase name="testFindAllMoviewByOneActor" classname="com.sparkdigital.api.repositories.MovieRepositoryTest" time="0.266"/>
</testsuite>